=== Markdown Metadata Check Log (2025-03-13T10:10:12.952Z) ===

=== Validation Summary ===
Total Files Processed: 12
Files with Image Issues: 11
Files with Tag Issues: 10

Image Issues in:
  - en::AI编辑器问题集锦
  - en::code-architecture
  - en::product-design
  - en::ui-design
  - en::代码生成规则
  - zh::AI编辑器问题集锦
  - zh::code-architecture
  - zh::product-design
  - zh::space-ide-2-5-release
  - zh::ui-design
  - zh::代码生成规则

Tag Issues in:
  - en::AI编辑器问题集锦
  - en::code-architecture
  - en::product-design
  - en::ui-design
  - en::代码生成规则
  - zh::AI编辑器问题集锦
  - zh::code-architecture
  - zh::product-design
  - zh::ui-design
  - zh::代码生成规则

=== Detailed Logs Below ===

=== Processing locale: en ===
  ⚠️ [en::AI编辑器问题集锦]::Post image not found: /images/troubleshooting.webp
  ⚠️ [en::code-architecture]::Post image not found: /images/code-architecture.webp
  ⚠️ [en::product-design]::Post image not found: /images/product-design.webp
  ⚠️ [en::ui-design]::Post image not found: /images/ui-design.webp
  ⚠️ [en::代码生成规则]::Post image not found: /images/code-rules.webp

=== Processing [en::space-ide-2-5-release] ===
  ⚠️ Invalid tags replaced: development -> insights, troubleshooting -> roadOverSea

=== Processing [en::AI编辑器问题集锦] ===
  ⚠️ Invalid tags replaced: development -> makeMoney, architecture -> tutorials

=== Processing [en::code-architecture] ===
  ⚠️ Invalid tags replaced: product -> productUpdates, design -> tutorials

=== Processing [en::product-design] ===
  ⚠️ Invalid tags replaced: design -> insights, documentation -> roadOverSea

=== Processing [en::ui-design] ===
  ⚠️ Invalid tags replaced: development -> productUpdates, guidelines -> tutorials

=== Processing [en::代码生成规则] ===

=== Processing locale: zh ===
  ⚠️ [zh::AI编辑器问题集锦]::Post image not found: /images/troubleshooting.webp
  ⚠️ [zh::code-architecture]::Post image not found: /images/code-architecture.webp
  ⚠️ [zh::product-design]::Post image not found: /images/product-design.webp
  ⚠️ [zh::ui-design]::Post image not found: /images/ui-design.webp
  ⚠️ [zh::space-ide-2-5-release]::Post image not configured
  ⚠️ [zh::代码生成规则]::Post image not found: /images/code-rules.webp
  ⚠️ Too many tags (6), limiting to 5

=== Processing [zh::AI编辑器问题集锦] ===
  ⚠️ Invalid tags replaced: development -> productUpdates, architecture -> tutorials

=== Processing [zh::code-architecture] ===
  ⚠️ Invalid tags replaced: product -> makeMoney, design -> tutorials

=== Processing [zh::product-design] ===
  ⚠️ Invalid tags replaced: design -> roadOverSea, documentation -> tutorials

=== Processing [zh::ui-design] ===

=== Processing [zh::space-ide-2-5-release] ===
  ⚠️ Invalid tags replaced: development -> roadOverSea, guidelines -> productUpdates

=== Processing [zh::代码生成规则] ===

=== Processing locale: ko ===
No markdown blog found for locale: ko

=== Processing locale: ja ===
No markdown blog found for locale: ja

=== Processing locale: de ===
No markdown blog found for locale: de

=== Processing locale: fr ===
No markdown blog found for locale: fr

=== Processing locale: zh-Hant ===
No markdown blog found for locale: zh-Hant

=== Processing locale: it ===
No markdown blog found for locale: it
